<?xml version="1.0" encoding="UTF-8"?>
<!-- Generated by org.testng.reporters.JUnitXMLReporter -->
<testsuite hostname="Home" name="Default test" tests="4" failures="0" timestamp="10 Oct 2019 09:04:15 GMT" time="59.682" errors="0">
  <testcase name="tab" time="2.102" classname="Testngproject.Solotest3"/>
  <testcase name="space" time="0.11" classname="Testngproject.Solotest3"/>
  <testcase name="enter" time="0.147" classname="Testngproject.Solotest3"/>
  <testcase name="escape" time="0.115" classname="Testngproject.Solotest3"/>
</testsuite> <!-- Default test -->
